0 info it worked if it ends with ok
1 verbose cli [ 'c:\\Program Files\\nodejs\\node.exe',
1 verbose cli   'c:\\Program Files\\nodejs\\node_modules\\npm\\bin\\npm-cli.js',
1 verbose cli   'start' ]
2 info using npm@3.3.12
3 info using node@v5.1.0
4 verbose run-script [ 'prestart', 'start', 'poststart' ]
5 info lifecycle orangealbatrosskoabackend@0.1.0~prestart: orangealbatrosskoabackend@0.1.0
6 silly lifecycle orangealbatrosskoabackend@0.1.0~prestart: no script for prestart, continuing
7 info lifecycle orangealbatrosskoabackend@0.1.0~start: orangealbatrosskoabackend@0.1.0
8 verbose lifecycle orangealbatrosskoabackend@0.1.0~start: unsafe-perm in lifecycle true
9 verbose lifecycle orangealbatrosskoabackend@0.1.0~start: PATH: c:\Program Files\nodejs\node_modules\npm\bin\node-gyp-bin;d:\Dev\git\FullPuppet\node_modules\.bin;h:\bin;.;c:\Program Files (x86)\Git\local\bin;c:\Program Files (x86)\Git\mingw\bin;c:\Program Files (x86)\Git\bin;c:\Program Files\ConEmu;c:\Program Files\ConEmu\ConEmu;c:\Windows\system32;c:\Windows;c:\Windows\System32\Wbem;c:\Windows\System32\WindowsPowerShell\v1.0\;c:\Program Files (x86)\Microsoft Application Virtualization Client;c:\Program Files\Microsoft System Center 2012 R2\Service Manager\;c:\Program Files (x86)\Windows Kits\8.1\Windows Performance Toolkit\;c:\Program Files\Microsoft SQL Server\110\Tools\Binn\;c:\Program Files (x86)\Microsoft SDKs\TypeScript\1.0\;c:\Program Files\Microsoft SQL Server\120\Tools\Binn\;c:\Program Files\Microsoft SQL Server\120\DTS\Binn\;c:\Program Files\Microsoft SQL Server\Client SDK\ODBC\110\Tools\Binn\;c:\Program Files (x86)\Microsoft SQL Server\120\Tools\Binn\;c:\Program Files (x86)\Microsoft SQL Server\120\Tools\Binn\ManagementStudio\;c:\Program Files (x86)\Microsoft SQL Server\120\DTS\Binn\;c:\Program Files (x86)\Git\bin\;c:\Program Files (x86)\Microsoft SQL Server\100\Tools\Binn\VSShell\Common7\IDE\;c:\Program Files (x86)\Microsoft SQL Server\100\Tools\Binn\;c:\Program Files\Microsoft SQL Server\100\Tools\Binn\;c:\Program Files (x86)\Microsoft Visual Studio 9.0\Common7\IDE\PrivateAssemblies\;c:\Program Files (x86)\Microsoft SQL Server\100\DTS\Binn\;c:\Program Files\SourceGear\Common\DiffMerge\;c:\Windows\system32\config\systemprofile\.dnx\bin;c:\Program Files\Microsoft DNX\Dnvm\;c:\Program Files (x86)\Brackets\command;c:\Windows\System32\WindowsPowerShell\v1.0\;c:\Program Files\nodejs\;c:\Users\magnus.hansson\.dnx\bin;c:\Program Files (x86)\Microsoft VS Code\bin;c:\Users\magnus.hansson\AppData\Roaming\npm
10 verbose lifecycle orangealbatrosskoabackend@0.1.0~start: CWD: d:\Dev\git\FullPuppet
11 silly lifecycle orangealbatrosskoabackend@0.1.0~start: Args: [ '/d /s /c', 'node server.js' ]
12 silly lifecycle orangealbatrosskoabackend@0.1.0~start: Returned: code: 1  signal: null
13 info lifecycle orangealbatrosskoabackend@0.1.0~start: Failed to exec start script
14 verbose stack Error: orangealbatrosskoabackend@0.1.0 start: `node server.js`
14 verbose stack Exit status 1
14 verbose stack     at EventEmitter.<anonymous> (c:\Program Files\nodejs\node_modules\npm\lib\utils\lifecycle.js:232:16)
14 verbose stack     at emitTwo (events.js:87:13)
14 verbose stack     at EventEmitter.emit (events.js:172:7)
14 verbose stack     at ChildProcess.<anonymous> (c:\Program Files\nodejs\node_modules\npm\lib\utils\spawn.js:24:14)
14 verbose stack     at emitTwo (events.js:87:13)
14 verbose stack     at ChildProcess.emit (events.js:172:7)
14 verbose stack     at maybeClose (internal/child_process.js:818:16)
14 verbose stack     at Process.ChildProcess._handle.onexit (internal/child_process.js:211:5)
15 verbose pkgid orangealbatrosskoabackend@0.1.0
16 verbose cwd d:\Dev\git\FullPuppet
17 error Windows_NT 6.1.7601
18 error argv "c:\\Program Files\\nodejs\\node.exe" "c:\\Program Files\\nodejs\\node_modules\\npm\\bin\\npm-cli.js" "start"
19 error node v5.1.0
20 error npm  v3.3.12
21 error code ELIFECYCLE
22 error orangealbatrosskoabackend@0.1.0 start: `node server.js`
22 error Exit status 1
23 error Failed at the orangealbatrosskoabackend@0.1.0 start script 'node server.js'.
23 error Make sure you have the latest version of node.js and npm installed.
23 error If you do, this is most likely a problem with the orangealbatrosskoabackend package,
23 error not with npm itself.
23 error Tell the author that this fails on your system:
23 error     node server.js
23 error You can get their info via:
23 error     npm owner ls orangealbatrosskoabackend
23 error There is likely additional logging output above.
24 verbose exit [ 1, true ]
